SF:lib\app\core\exceptions\failure.dart
DA:2,26
LF:1
LH:1
end_of_record
SF:lib\app\core\exceptions\unverified_email_exception.dart
DA:2,6
LF:1
LH:1
end_of_record
SF:lib\app\core\exceptions\user_exists_exception.dart
DA:2,6
LF:1
LH:1
end_of_record
SF:lib\app\core\exceptions\user_not_found_exception.dart
DA:2,8
LF:1
LH:1
end_of_record
SF:lib\app\modules\auth\controllers\auth_controller_impl.dart
DA:11,32
DA:14,2
DA:28,2
DA:29,6
DA:31,2
DA:35,2
DA:37,2
DA:38,2
DA:40,6
DA:42,2
DA:43,2
DA:44,2
DA:45,4
DA:47,2
DA:48,2
DA:50,2
DA:51,2
DA:52,4
DA:54,2
DA:55,2
DA:57,2
DA:62,2
DA:64,2
DA:65,2
DA:67,6
DA:69,2
DA:70,2
DA:71,2
DA:72,4
DA:74,2
DA:75,2
DA:77,2
DA:78,2
DA:79,4
DA:81,2
DA:82,2
DA:84,2
DA:85,2
DA:86,4
DA:88,2
DA:89,2
DA:91,2
DA:96,0
DA:97,0
LF:44
LH:42
end_of_record
SF:lib\app\models\confirm_login_model.dart
DA:4,4
DA:9,2
DA:10,2
DA:11,4
DA:12,4
DA:19,0
DA:20,0
DA:21,0
DA:22,0
DA:26,2
DA:32,2
DA:33,6
DA:34,6
DA:37,0
DA:38,0
LF:15
LH:9
end_of_record
SF:lib\app\modules\auth\repositories\auth_repository_impl.dart
DA:11,2
DA:19,2
DA:21,8
DA:23,2
DA:29,2
DA:30,2
DA:31,4
DA:33,4
DA:35,4
DA:36,4
DA:37,4
DA:38,2
DA:43,4
DA:44,2
DA:49,2
DA:51,8
DA:53,2
DA:56,2
DA:57,6
DA:61,2
DA:62,4
DA:63,2
DA:64,6
DA:65,4
DA:66,2
DA:70,2
DA:75,2
DA:78,8
DA:79,4
DA:80,2
DA:81,4
DA:82,2
LF:32
LH:32
end_of_record
SF:lib\app\core\rest_client\rest_client_exception.dart
DA:4,6
DA:16,0
DA:18,0
LF:3
LH:1
end_of_record
SF:lib\app\core\rest_client\rest_client_response.dart
DA:2,0
LF:1
LH:0
end_of_record
SF:lib\app\modules\auth\services\auth_services_impl.dart
DA:13,2
DA:33,2
DA:35,6
DA:36,6
DA:41,2
DA:42,6
DA:44,2
DA:45,4
DA:46,2
DA:51,2
DA:53,6
DA:55,6
DA:60,2
DA:61,4
DA:62,2
DA:65,4
DA:67,4
DA:68,2
DA:69,4
DA:70,2
DA:71,2
DA:72,4
DA:75,2
DA:79,2
DA:80,4
DA:82,2
DA:83,6
DA:84,6
DA:85,6
DA:87,2
LF:30
LH:30
end_of_record
SF:lib\app\core\helpers\constants.dart
DA:4,0
DA:32,0
DA:34,0
DA:35,0
DA:36,0
DA:37,0
DA:38,0
DA:39,0
DA:40,0
DA:41,0
DA:42,0
DA:43,0
DA:44,0
LF:13
LH:0
end_of_record
SF:lib\app\controllers\app_controller.dart
DA:7,0
DA:17,0
DA:18,0
DA:19,0
DA:20,0
DA:24,0
DA:26,0
DA:28,0
DA:29,0
LF:9
LH:0
end_of_record
SF:lib\app\models\user_model.dart
DA:4,6
DA:10,4
DA:11,4
DA:12,4
DA:13,4
DA:14,4
DA:22,4
DA:23,4
DA:24,4
DA:25,4
DA:26,4
DA:30,6
DA:33,4
DA:34,12
DA:35,12
DA:36,12
DA:37,12
DA:39,0
DA:40,0
LF:19
LH:17
end_of_record
SF:lib\app\core\helpers\input_formatter\currency_input_formatter_ptbr.dart
DA:5,0
DA:10,0
DA:13,0
DA:18,0
DA:19,0
DA:20,0
DA:21,0
DA:22,0
DA:24,0
DA:26,0
DA:28,0
LF:11
LH:0
end_of_record
SF:lib\app\core\helpers\input_formatter\date_input_formatter_ptbr.dart
DA:4,0
DA:9,0
DA:13,0
DA:15,0
DA:17,0
DA:18,0
DA:23,0
DA:25,0
DA:26,0
DA:27,0
DA:30,0
DA:32,0
LF:12
LH:0
end_of_record
SF:lib\app\core\ui\extensions\theme_extension.dart
DA:4,18
DA:6,0
DA:8,0
DA:10,0
DA:12,0
LF:5
LH:1
end_of_record
SF:lib\app\core\ui\logo.dart
DA:6,44
DA:8,2
DA:10,2
DA:12,2
DA:13,2
DA:15,2
DA:16,2
DA:17,2
DA:22,2
DA:24,2
DA:26,2
DA:31,2
DA:33,2
DA:35,2
LF:14
LH:14
end_of_record
SF:lib\app\core\ui\widgets\onde_gastei_button.dart
DA:6,6
DA:21,6
DA:22,6
DA:32,6
DA:34,6
DA:35,6
DA:36,6
DA:37,6
DA:38,6
DA:39,6
DA:40,30
DA:42,6
DA:43,6
DA:44,18
DA:47,6
DA:48,6
DA:49,6
DA:50,0
DA:52,12
DA:56,6
DA:58,0
DA:59,0
DA:60,0
DA:61,0
DA:63,0
DA:66,6
LF:26
LH:20
end_of_record
SF:lib\app\core\ui\widgets\onde_gastei_snack_bar.dart
DA:5,0
DA:7,6
DA:14,6
DA:20,6
DA:21,12
DA:23,6
LF:6
LH:5
end_of_record
SF:lib\app\core\ui\widgets\onde_gastei_text_form.dart
DA:5,6
DA:16,6
DA:18,12
DA:21,6
DA:34,6
DA:36,6
DA:37,6
DA:38,6
DA:39,6
DA:40,6
DA:42,6
DA:43,6
DA:44,6
DA:45,6
DA:46,6
DA:47,6
DA:48,6
DA:49,6
DA:51,6
DA:52,4
DA:53,0
DA:54,0
DA:56,4
DA:59,6
LF:24
LH:22
end_of_record
SF:lib\app\models\category_model.dart
DA:4,24
DA:12,4
DA:13,4
DA:14,12
DA:15,8
DA:16,12
DA:17,12
DA:18,4
DA:28,0
DA:29,0
DA:30,0
DA:31,0
DA:32,0
DA:33,0
DA:34,0
DA:38,10
DA:41,4
DA:42,12
DA:43,12
DA:44,12
DA:45,12
DA:46,12
DA:47,12
DA:49,0
DA:51,0
DA:52,0
DA:53,0
DA:54,0
DA:55,0
LF:29
LH:16
end_of_record
SF:lib\app\modules\auth\pages\login_page.dart
DA:16,2
DA:20,2
DA:21,2
DA:32,2
DA:34,2
DA:36,2
DA:37,2
DA:38,2
DA:39,2
DA:40,4
DA:41,2
DA:42,2
DA:43,2
DA:45,2
DA:46,2
DA:47,2
DA:48,2
DA:53,2
DA:54,2
DA:56,2
DA:67,2
DA:68,2
DA:69,2
DA:70,2
DA:71,2
DA:72,2
DA:74,2
DA:78,4
DA:79,2
DA:80,2
DA:83,2
DA:84,2
DA:86,2
DA:88,2
DA:92,4
DA:93,2
DA:94,2
DA:100,2
DA:101,2
DA:103,2
DA:105,2
DA:106,2
DA:107,2
DA:112,2
DA:114,4
DA:116,0
DA:120,2
DA:121,2
DA:123,2
DA:124,2
DA:125,2
DA:127,2
DA:129,2
DA:134,0
DA:135,0
DA:144,2
DA:148,2
DA:149,2
DA:151,2
DA:153,2
DA:158,2
DA:159,6
DA:164,4
DA:165,4
DA:166,4
DA:169,2
DA:173,6
DA:174,2
DA:175,2
DA:179,0
DA:181,2
DA:182,2
DA:200,0
DA:202,2
DA:203,2
DA:209,0
DA:214,6
DA:218,4
DA:222,2
DA:224,2
DA:225,4
DA:226,4
LF:82
LH:76
end_of_record
SF:lib\app\modules\auth\pages\register_page.dart
DA:12,2
DA:16,2
DA:17,2
DA:29,2
DA:31,2
DA:33,2
DA:34,2
DA:35,2
DA:36,2
DA:37,2
DA:39,2
DA:40,4
DA:41,2
DA:42,2
DA:43,2
DA:52,2
DA:53,2
DA:54,2
DA:55,2
DA:56,2
DA:57,2
DA:58,2
DA:59,2
DA:61,2
DA:63,2
DA:68,2
DA:69,2
DA:70,2
DA:72,2
DA:74,2
DA:78,4
DA:79,2
DA:80,2
DA:84,2
DA:85,2
DA:86,2
DA:88,2
DA:90,2
DA:94,4
DA:95,2
DA:96,2
DA:103,2
DA:104,2
DA:105,2
DA:107,2
DA:109,2
DA:113,4
DA:114,2
DA:115,2
DA:116,2
DA:122,2
DA:123,2
DA:125,2
DA:131,2
DA:135,2
DA:136,2
DA:138,2
DA:140,2
DA:145,2
DA:146,6
DA:152,4
DA:153,4
DA:154,4
DA:155,4
DA:158,2
DA:162,2
DA:164,2
DA:181,4
DA:183,0
DA:186,2
DA:187,2
DA:188,2
DA:195,0
DA:197,2
DA:198,2
DA:205,0
DA:209,6
DA:212,4
DA:216,2
DA:217,4
DA:218,4
DA:219,4
DA:220,4
DA:223,2
DA:224,2
DA:225,2
DA:228,0
DA:229,0
DA:230,0
DA:240,2
DA:242,2
DA:243,4
DA:244,4
DA:245,4
DA:246,4
LF:95
LH:89
end_of_record
SF:lib\app\pages\app_page.dart
DA:14,0
DA:17,0
DA:22,0
DA:23,0
DA:35,0
DA:37,0
DA:38,0
DA:41,0
DA:44,0
DA:55,0
DA:57,0
DA:59,0
DA:60,0
DA:61,0
DA:62,0
DA:65,0
DA:67,0
DA:71,0
DA:73,0
DA:74,0
DA:75,0
DA:78,0
DA:79,0
DA:81,0
DA:85,0
DA:87,0
DA:96,0
DA:97,0
DA:98,0
DA:101,0
DA:102,0
DA:103,0
DA:132,0
DA:133,0
DA:134,0
LF:35
LH:0
end_of_record
SF:lib\app\modules\categories\view_model\category_input_model.dart
DA:4,12
DA:16,6
DA:19,0
DA:20,0
DA:21,0
DA:22,0
DA:23,0
DA:25,0
DA:27,0
LF:9
LH:2
end_of_record
SF:lib\app\modules\categories\controllers\categories_controller_impl.dart
DA:9,22
DA:10,22
DA:14,4
DA:28,4
DA:30,4
DA:31,4
DA:33,12
DA:37,4
DA:38,4
DA:39,4
DA:40,8
DA:42,4
DA:43,4
DA:45,4
DA:50,4
DA:55,4
DA:56,4
DA:58,12
DA:68,4
DA:69,4
DA:70,4
DA:71,8
DA:73,4
DA:74,4
DA:76,4
DA:81,4
DA:83,4
DA:84,4
DA:86,12
DA:92,4
DA:93,4
DA:94,2
DA:95,4
DA:97,2
DA:98,2
DA:100,2
DA:105,2
DA:107,2
DA:108,2
DA:110,8
DA:112,2
DA:113,2
DA:114,2
DA:115,4
DA:117,2
DA:118,2
DA:120,2
LF:47
LH:47
end_of_record
SF:lib\app\modules\categories\pages\categories_page.dart
DA:9,24
DA:13,2
DA:15,2
DA:17,2
DA:18,2
DA:19,2
DA:21,2
DA:22,2
DA:23,0
DA:24,0
DA:25,0
DA:28,0
DA:29,0
DA:30,0
DA:34,2
DA:36,4
DA:37,2
DA:42,2
DA:43,2
DA:44,4
DA:50,4
DA:51,2
DA:52,2
DA:53,4
DA:54,2
DA:59,2
DA:61,4
DA:62,2
DA:63,4
DA:65,2
DA:66,4
DA:67,0
DA:68,0
DA:70,0
DA:77,0
DA:78,0
DA:79,0
DA:83,2
DA:84,4
DA:85,2
DA:86,4
DA:90,2
DA:91,2
LF:43
LH:31
end_of_record
SF:lib\app\modules\categories\pages\categories_register_page.dart
DA:17,4
DA:21,2
DA:28,2
DA:29,2
DA:41,2
DA:43,4
DA:44,2
DA:47,2
DA:49,2
DA:50,2
DA:51,8
DA:53,4
DA:54,2
DA:55,6
DA:60,4
DA:61,8
DA:65,2
DA:67,2
DA:69,2
DA:70,2
DA:71,2
DA:72,2
DA:73,4
DA:74,2
DA:75,2
DA:77,2
DA:80,0
DA:82,2
DA:83,2
DA:86,2
DA:88,2
DA:89,2
DA:90,2
DA:92,2
DA:93,2
DA:94,2
DA:95,2
DA:99,2
DA:100,2
DA:105,2
DA:106,2
DA:108,2
DA:109,2
DA:110,2
DA:112,2
DA:114,2
DA:128,2
DA:132,2
DA:133,4
DA:134,2
DA:135,2
DA:136,4
DA:139,2
DA:140,2
DA:145,2
DA:146,8
DA:148,2
DA:149,2
DA:150,0
DA:151,0
DA:155,2
DA:159,2
DA:162,2
DA:164,2
DA:165,8
DA:167,2
DA:171,4
DA:172,6
DA:175,4
DA:176,0
DA:178,0
DA:179,0
DA:186,0
DA:189,0
DA:190,0
DA:193,4
DA:195,0
DA:196,0
DA:197,0
DA:198,0
DA:199,0
DA:200,0
DA:213,2
DA:223,2
DA:228,2
DA:229,2
DA:231,4
DA:234,2
DA:235,2
DA:236,6
DA:239,2
DA:246,4
DA:247,2
DA:248,4
DA:249,6
DA:250,6
DA:251,0
DA:254,4
DA:257,2
DA:259,2
DA:260,6
DA:261,4
DA:262,6
DA:263,6
DA:266,4
DA:267,6
DA:273,2
DA:277,2
DA:281,2
DA:282,4
DA:284,0
DA:286,2
DA:287,2
DA:291,4
DA:296,0
DA:300,6
DA:306,2
DA:307,2
DA:309,2
DA:310,2
DA:311,2
DA:312,2
DA:313,2
DA:315,2
DA:316,2
DA:318,2
DA:321,2
DA:322,2
DA:323,2
DA:324,2
DA:329,2
DA:330,2
DA:332,2
DA:333,2
DA:334,2
DA:335,2
DA:337,2
DA:338,4
DA:340,2
DA:348,2
DA:353,2
DA:354,2
DA:355,2
DA:359,2
DA:361,4
DA:362,6
DA:364,2
DA:374,2
DA:377,2
DA:378,2
DA:379,2
DA:383,2
DA:385,4
DA:386,6
DA:394,2
DA:397,2
DA:398,2
DA:399,2
DA:400,2
DA:401,2
DA:403,2
DA:405,6
DA:411,2
DA:412,2
DA:413,4
DA:414,2
DA:415,6
DA:416,4
DA:418,2
DA:419,2
DA:420,2
DA:431,2
DA:434,2
DA:436,2
DA:437,2
DA:438,2
DA:439,2
DA:441,2
DA:443,6
DA:449,2
DA:450,2
DA:452,2
DA:453,4
DA:454,2
DA:455,4
DA:456,4
DA:458,2
DA:459,2
DA:460,2
DA:472,2
DA:473,4
DA:475,4
DA:479,4
LF:193
LH:175
end_of_record
SF:lib\app\modules\categories\widgets\color_picker.dart
DA:4,0
LF:1
LH:0
end_of_record
SF:lib\app\modules\categories\widgets\icon_picker.dart
DA:4,0
LF:1
LH:0
end_of_record
SF:lib\app\modules\expenses\pages\expenses_register_page.dart
DA:14,0
DA:18,0
DA:19,0
DA:41,0
DA:43,0
DA:44,0
DA:45,0
DA:46,0
DA:47,0
DA:53,0
DA:55,0
DA:56,0
DA:57,0
DA:58,0
DA:59,0
DA:60,0
DA:61,0
DA:62,0
DA:66,0
DA:67,0
DA:69,0
DA:70,0
DA:74,0
DA:76,0
DA:79,0
DA:80,0
DA:82,0
DA:83,0
DA:86,0
DA:87,0
DA:88,0
DA:90,0
DA:91,0
DA:92,0
DA:96,0
DA:97,0
DA:103,0
DA:104,0
DA:106,0
DA:109,0
DA:110,0
DA:112,0
DA:113,0
DA:114,0
DA:116,0
DA:117,0
DA:118,0
DA:120,0
DA:127,0
DA:128,0
DA:129,0
DA:130,0
DA:136,0
DA:137,0
DA:139,0
DA:140,0
DA:141,0
DA:142,0
DA:143,0
DA:144,0
DA:150,0
DA:154,0
DA:157,0
DA:158,0
LF:64
LH:0
end_of_record
SF:lib\app\modules\home\controllers\home_controller_impl.dart
DA:12,22
DA:15,2
DA:31,2
DA:37,2
DA:38,2
DA:40,6
DA:41,2
DA:42,8
DA:48,2
DA:49,2
DA:50,2
DA:51,2
DA:52,2
DA:54,2
DA:59,2
DA:61,2
DA:62,2
DA:64,6
DA:66,2
DA:67,2
DA:68,2
DA:70,6
DA:73,2
DA:74,2
DA:77,2
DA:78,2
DA:79,2
DA:81,2
LF:28
LH:28
end_of_record
SF:lib\app\modules\home\view_model\percentage_categories_view_model.dart
DA:6,8
DA:12,2
DA:13,2
DA:14,6
DA:15,6
DA:16,4
DA:24,0
DA:25,0
DA:26,0
DA:27,0
DA:28,0
DA:32,2
DA:35,2
DA:36,6
DA:37,6
DA:38,6
DA:39,6
DA:41,0
DA:42,0
LF:19
LH:12
end_of_record
SF:lib\app\modules\home\view_model\total_expenses_categories_view_model.dart
DA:6,6
DA:11,2
DA:12,2
DA:13,6
DA:14,4
DA:21,0
DA:22,0
DA:23,0
DA:24,0
DA:28,2
DA:31,2
DA:32,6
DA:33,6
DA:34,6
DA:36,0
DA:37,0
LF:16
LH:10
end_of_record
SF:lib\app\modules\home\pages\home_page.dart
DA:8,22
DA:12,0
DA:13,0
DA:23,0
DA:25,0
DA:26,0
DA:35,0
DA:37,0
DA:39,0
DA:40,0
DA:41,0
DA:42,0
DA:43,0
DA:44,0
DA:45,0
DA:48,0
DA:49,0
DA:50,0
DA:51,0
DA:53,0
DA:55,0
DA:57,0
DA:58,0
DA:59,0
DA:61,0
DA:62,0
DA:64,0
DA:65,0
DA:66,0
DA:68,0
DA:69,0
DA:86,22
DA:88,0
DA:90,0
DA:92,0
DA:94,0
DA:95,0
DA:96,0
DA:97,0
DA:98,0
DA:100,0
DA:101,0
DA:102,0
DA:103,0
DA:104,0
DA:105,0
DA:113,0
DA:114,0
DA:115,0
LF:49
LH:2
end_of_record
SF:lib\app\modules\splash\splash_page.dart
DA:8,0
DA:14,0
DA:15,0
DA:19,0
DA:21,0
DA:23,0
DA:24,0
DA:25,0
DA:27,0
DA:32,0
LF:10
LH:0
end_of_record
SF:lib\app\modules\categories\repositories\categories_repository_impl.dart
DA:10,2
DA:18,2
DA:20,8
DA:22,2
DA:23,2
DA:24,2
DA:25,2
DA:26,2
DA:29,2
DA:30,4
DA:31,2
DA:36,2
DA:41,8
DA:42,2
DA:43,2
DA:44,2
DA:45,2
DA:46,2
DA:49,2
DA:50,4
DA:51,2
DA:56,2
DA:58,4
DA:59,2
DA:60,4
DA:61,2
DA:62,4
DA:63,2
DA:68,2
DA:70,4
DA:71,2
DA:72,4
DA:74,2
DA:75,4
DA:76,4
DA:79,2
DA:80,2
DA:81,6
DA:82,2
LF:39
LH:39
end_of_record
SF:lib\app\modules\categories\services\categories_service_impl.dart
DA:7,2
DA:12,2
DA:14,4
DA:16,2
DA:21,4
DA:23,2
DA:25,4
DA:27,2
DA:29,4
LF:9
LH:9
end_of_record
SF:lib\app\models\expense_model.dart
DA:2,6
LF:1
LH:1
end_of_record
SF:lib\app\modules\expenses\controllers\expenses_controller_impl.dart
DA:11,2
DA:21,2
DA:29,2
DA:37,6
DA:38,2
DA:39,4
DA:40,2
DA:45,2
DA:54,2
DA:62,6
DA:63,2
DA:64,4
DA:65,2
DA:70,2
DA:72,6
DA:73,2
DA:74,4
DA:75,2
LF:18
LH:18
end_of_record
SF:lib\app\modules\expenses\view_models\expenses_input_model.dart
DA:2,0
LF:1
LH:0
end_of_record
SF:lib\app\modules\expenses\repositories\expenses_repository_impl.dart
DA:10,2
DA:18,2
DA:20,8
DA:22,2
DA:23,2
DA:24,2
DA:25,2
DA:26,2
DA:27,2
DA:30,2
DA:31,4
DA:32,2
DA:37,2
DA:42,8
DA:43,2
DA:44,2
DA:45,2
DA:46,2
DA:47,2
DA:48,2
DA:51,2
DA:52,4
DA:53,2
DA:58,2
DA:60,8
DA:61,2
DA:63,2
DA:64,4
DA:65,2
LF:29
LH:29
end_of_record
SF:lib\app\modules\expenses\services\expenses_services_impl.dart
DA:7,2
DA:12,2
DA:14,4
DA:16,2
DA:18,4
DA:20,2
DA:21,4
LF:7
LH:7
end_of_record
SF:lib\app\modules\home\repositories\home_repository_impl.dart
DA:15,2
DA:28,2
DA:30,8
DA:34,6
DA:35,2
DA:38,8
DA:40,4
DA:41,2
DA:42,4
DA:44,2
DA:48,2
DA:49,8
DA:52,2
DA:58,8
DA:59,2
DA:60,2
DA:66,2
DA:68,4
DA:71,2
DA:72,2
DA:75,0
DA:76,2
DA:77,4
DA:79,2
DA:84,2
DA:90,8
DA:91,2
DA:92,2
DA:98,2
DA:100,4
DA:103,2
DA:104,2
DA:107,0
DA:108,2
DA:109,4
DA:111,2
LF:36
LH:34
end_of_record
SF:lib\app\modules\home\services\home_service_impl.dart
DA:8,2
DA:13,2
DA:14,4
DA:16,2
DA:22,4
DA:24,2
DA:30,4
LF:7
LH:7
end_of_record
